****************************************
Report : Averaged Power
Design : c1908
Version: J-2014.12
Date   : Thu Jun 29 18:42:39 2017
****************************************



  Attributes
  ----------
      i  -  Including register clock pin internal power
      u  -  User defined power group

                        Internal  Switching  Leakage    Total
Power Group             Power     Power      Power      Power   (     %)  Attrs
--------------------------------------------------------------------------------
clock_network              0.0000    0.0000    0.0000    0.0000 ( 0.00%)  i
register                   0.0000    0.0000    0.0000    0.0000 ( 0.00%)  
combinational           6.516e-05 1.670e-04 5.470e-07 2.327e-04 (100.00%) 
sequential                 0.0000    0.0000    0.0000    0.0000 ( 0.00%)  
memory                     0.0000    0.0000    0.0000    0.0000 ( 0.00%)  
io_pad                     0.0000    0.0000    0.0000    0.0000 ( 0.00%)  
black_box                  0.0000    0.0000    0.0000    0.0000 ( 0.00%)  

  Net Switching Power  = 1.670e-04   (71.76%)
  Cell Internal Power  = 6.516e-05   (28.00%)
  Cell Leakage Power   = 5.470e-07   ( 0.24%)
                         ---------
Total Power            = 2.327e-04  (100.00%)

1
